2026-04-05 17:28:31,345 | INFO | search_start | query=Data Engineer | countries=['tunisia'] | days=30 | sources=['linkedin', 'google', 'indeed'] | resumes=1
2026-04-05 17:29:06,300 | INFO | country_success | country=tunisia | rows=24
2026-04-05 17:29:06,938 | INFO | resume_scored | resume=Mehdi Somrani PDF Resume.pdf | scored_jobs=24 | top_fit=0.5930 | avg_fit=0.3984
2026-04-05 17:29:06,941 | INFO | search_done | total_ranked=24
2026-04-05 17:30:02,988 | INFO | search_start | query=Data Engineer | countries=['tunisia'] | days=30 | sources=['linkedin', 'google', 'indeed'] | resumes=2
2026-04-05 17:30:32,175 | INFO | country_success | country=tunisia | rows=24
2026-04-05 17:30:32,799 | INFO | resume_scored | resume=Mehdi Somrani PDF Resume.pdf | scored_jobs=24 | top_fit=0.5930 | avg_fit=0.3984
2026-04-05 17:30:32,850 | INFO | resume_scored | resume=seblaoui 2.pdf | scored_jobs=24 | top_fit=0.5424 | avg_fit=0.3765
2026-04-05 17:30:32,852 | INFO | search_done | total_ranked=24
2026-04-05 17:31:20,593 | INFO | search_start | query=Data Engineer | countries=['tunisia'] | days=30 | sources=['linkedin', 'google', 'indeed'] | resumes=1
2026-04-05 17:31:53,016 | INFO | country_success | country=tunisia | rows=24
2026-04-05 17:31:53,610 | INFO | resume_scored | resume=seblaoui 2.pdf | scored_jobs=24 | top_fit=0.5424 | avg_fit=0.3765
2026-04-05 17:31:53,612 | INFO | search_done | total_ranked=24
2026-04-05 17:40:24,490 | INFO | search_start | query=Data Engineer | countries=['tunisia'] | days=30 | sources=['linkedin', 'google', 'indeed'] | resumes=1
2026-04-05 17:40:57,469 | INFO | country_success | country=tunisia | rows=24
2026-04-05 17:40:58,119 | INFO | resume_scored | resume=seblaoui 2.pdf | scored_jobs=24 | top_fit=0.5424 | avg_fit=0.3765
2026-04-05 17:40:58,121 | INFO | search_done | total_ranked=24
2026-04-05 17:42:33,112 | INFO | resume_saved | name=seblaoui 2.pdf | id=1
2026-04-05 17:42:34,885 | INFO | resume_saved | name=seblaoui 2.pdf | id=1
2026-04-05 17:42:34,949 | INFO | search_start | query=Data Engineer | countries=['tunisia'] | days=30 | sources=['linkedin', 'google', 'indeed'] | resume=seblaoui 2.pdf
2026-04-05 17:43:06,133 | INFO | country_success | country=tunisia | rows=24
2026-04-05 17:43:06,797 | INFO | search_done | resume_id=1 | run_id=1 | total_ranked=24
2026-04-05 17:52:25,379 | INFO | resume_saved | name=Mehdi Somrani PDF Resume.pdf | id=2
2026-04-05 17:53:52,644 | INFO | resume_saved | name=Mehdi Somrani PDF Resume.pdf | id=2
2026-04-05 17:53:58,067 | INFO | resume_saved | name=Mehdi Somrani PDF Resume.pdf | id=2
2026-04-05 17:53:58,130 | INFO | search_start | query=Data Engineer | countries=['tunisia', 'switzerland', 'germany'] | days=30 | sources=['linkedin', 'google', 'indeed'] | resume=Mehdi Somrani PDF Resume.pdf
2026-04-05 17:54:47,497 | INFO | search_done | resume_id=2 | run_id=2 | total_ranked=65
